<?xml version="1.0" encoding="UTF-8"?>
<!-- Generated by org.testng.reporters.JUnitXMLReporter -->
<testsuite ignored="0" hostname="PRO-IND-1193" failures="0" tests="4" name="Default test" time="5.833" errors="0" timestamp="2024-04-17T17:19:50 IST">
  <testcase classname="EndToEnd" name="createPlace" time="3.391"/>
  <testcase classname="EndToEnd" name="getPlace" time="1.04"/>
  <testcase classname="EndToEnd" name="updateTest" time="0.173"/>
  <testcase classname="EndToEnd" name="deleteAPITest" time="1.15"/>
</testsuite> <!-- Default test -->
