<?xml version="1.0" encoding="UTF-8"?>
<testng-results ignored="0" total="4" passed="4" failed="0" skipped="0">
  <reporter-output>
  </reporter-output>
  <suite started-at="2024-04-17T17:19:44 IST" name="Default suite" finished-at="2024-04-17T17:19:50 IST" duration-ms="5833">
    <groups>
    </groups>
    <test started-at="2024-04-17T17:19:44 IST" name="Default test" finished-at="2024-04-17T17:19:50 IST" duration-ms="5833">
      <class name="EndToEnd">
        <test-method signature="createPlace()[pri:0, instance:EndToEnd@7c711375]" started-at="2024-04-17T17:19:44 IST" name="createPlace" finished-at="2024-04-17T17:19:48 IST" duration-ms="3391" status="PASS">
          <reporter-output>
          </reporter-output>
        </test-method> <!-- createPlace -->
        <test-method signature="getPlace()[pri:1, instance:EndToEnd@7c711375]" started-at="2024-04-17T17:19:48 IST" name="getPlace" finished-at="2024-04-17T17:19:49 IST" depends-on-methods="EndToEnd.createPlace" duration-ms="1040" status="PASS">
          <reporter-output>
          </reporter-output>
        </test-method> <!-- getPlace -->
        <test-method signature="updateTest()[pri:2, instance:EndToEnd@7c711375]" started-at="2024-04-17T17:19:49 IST" name="updateTest" finished-at="2024-04-17T17:19:49 IST" depends-on-methods="EndToEnd.createPlace" duration-ms="173" status="PASS">
          <reporter-output>
          </reporter-output>
        </test-method> <!-- updateTest -->
        <test-method signature="deleteAPITest()[pri:3, instance:EndToEnd@7c711375]" started-at="2024-04-17T17:19:49 IST" name="deleteAPITest" finished-at="2024-04-17T17:19:50 IST" depends-on-methods="EndToEnd.createPlace" duration-ms="1150" status="PASS">
          <reporter-output>
          </reporter-output>
        </test-method> <!-- deleteAPITest -->
      </class> <!-- EndToEnd -->
    </test> <!-- Default test -->
  </suite> <!-- Default suite -->
</testng-results>
