<?xml version="1.0" encoding="UTF-8"?>
<testng-results ignored="0" total="1" passed="1" failed="0" skipped="0">
  <reporter-output>
  </reporter-output>
  <suite started-at="2024-04-17T13:59:25 IST" name="Default suite" finished-at="2024-04-17T13:59:26 IST" duration-ms="1562">
    <groups>
    </groups>
    <test started-at="2024-04-17T13:59:25 IST" name="Default test" finished-at="2024-04-17T13:59:26 IST" duration-ms="1562">
      <class name="CreatePlaceAPI">
        <test-method signature="createPlace()[pri:0, instance:CreatePlaceAPI@485966cc]" started-at="2024-04-17T13:59:25 IST" name="createPlace" finished-at="2024-04-17T13:59:26 IST" duration-ms="1524" status="PASS">
          <reporter-output>
          </reporter-output>
        </test-method> <!-- createPlace -->
      </class> <!-- CreatePlaceAPI -->
    </test> <!-- Default test -->
  </suite> <!-- Default suite -->
</testng-results>
